<?xml version='1.0'?>
<ns2:test-suite xmlns:ns2='urn:model.allure.qatools.yandex.ru' start='1682299560817' stop='1682299569600'>
    <name>Articulo</name>
    <title>Articulo</title>
    <test-cases>
        <test-case start='1682299560817' status='failed' stop='1682299569597'>
            <name>Debería buscar apple cinema y seleccionar el segundo color</name>
            <title>Debería buscar apple cinema y seleccionar el segundo color</title>
            <labels>
                <label name='language' value='javascript'/>
                <label name='framework' value='wdio'/>
                <label name='thread' value='0-0'/>
            </labels>
            <parameters>
                <parameter kind='argument' name='browser' value='chrome-112.0.5615.138'/>
            </parameters>
            <steps>
                <step start='1682299560918' status='passed' stop='1682299563423'>
                    <name>POST /session/:sessionId/url</name>
                    <title>POST /session/:sessionId/url</title>
                    <attachments>
                        <attachment title='Request' source='4c1b7924-c395-4ac3-b303-43411d325206-attachment.json' type='application/json' size='44'/>
                    </attachments>
                    <steps/>
                </step>
                <step start='1682299563428' status='passed' stop='1682299563462'>
                    <name>POST /session/:sessionId/element</name>
                    <title>POST /session/:sessionId/element</title>
                    <attachments>
                        <attachment title='Request' source='5d65d2d8-8678-4f88-ac2a-bc39cdd74001-attachment.json' type='application/json' size='61'/>
                        <attachment title='Response' source='25fada84-83c9-4d2f-9a9c-169b85d8fb83-attachment.json' type='application/json' size='83'/>
                    </attachments>
                    <steps/>
                </step>
                <step start='1682299563468' status='passed' stop='1682299563515'>
                    <name>POST /session/:sessionId/element/4d602030-1d7a-4e76-9a13-eca3643cda93/clear</name>
                    <title>POST /session/:sessionId/element/4d602030-1d7a-4e76-9a13-eca3643cda93/clear</title>
                    <attachments/>
                    <steps/>
                </step>
                <step start='1682299563520' status='passed' stop='1682299563682'>
                    <name>POST /session/:sessionId/element/4d602030-1d7a-4e76-9a13-eca3643cda93/value</name>
                    <title>POST /session/:sessionId/element/4d602030-1d7a-4e76-9a13-eca3643cda93/value</title>
                    <attachments>
                        <attachment title='Request' source='8434a50c-75ab-458c-a2ae-f2a20395d4eb-attachment.json' type='application/json' size='28'/>
                    </attachments>
                    <steps/>
                </step>
                <step start='1682299563683' status='passed' stop='1682299563708'>
                    <name>GET /session/:sessionId/element/4d602030-1d7a-4e76-9a13-eca3643cda93/property/value</name>
                    <title>GET /session/:sessionId/element/4d602030-1d7a-4e76-9a13-eca3643cda93/property/value</title>
                    <attachments>
                        <attachment title='Response' source='4ef36554-e157-40f6-8874-c0ba79b2d52b-attachment.json' type='application/json' size='14'/>
                    </attachments>
                    <steps/>
                </step>
                <step start='1682299563709' status='passed' stop='1682299564286'>
                    <name>POST /session/:sessionId/actions</name>
                    <title>POST /session/:sessionId/actions</title>
                    <attachments>
                        <attachment title='Request' source='2089d4f1-4b75-4203-a85d-0a86022a931d-attachment.json' type='application/json' size='249'/>
                    </attachments>
                    <steps/>
                </step>
                <step start='1682299564286' status='passed' stop='1682299564302'>
                    <name>DELETE /session/:sessionId/actions</name>
                    <title>DELETE /session/:sessionId/actions</title>
                    <attachments/>
                    <steps/>
                </step>
                <step start='1682299569315' status='passed' stop='1682299569351'>
                    <name>POST /session/:sessionId/element</name>
                    <title>POST /session/:sessionId/element</title>
                    <attachments>
                        <attachment title='Request' source='bdd307cc-fc80-4e73-918f-6045c34f4789-attachment.json' type='application/json' size='56'/>
                        <attachment title='Response' source='2e4a4292-99e4-48df-ac3f-5d8215283f4a-attachment.json' type='application/json' size='83'/>
                    </attachments>
                    <steps/>
                </step>
                <step start='1682299569360' status='passed' stop='1682299569387'>
                    <name>GET /session/:sessionId/element/5229ac86-e6f9-4f8b-bffb-ae0e3718d72a/property/value</name>
                    <title>GET /session/:sessionId/element/5229ac86-e6f9-4f8b-bffb-ae0e3718d72a/property/value</title>
                    <attachments/>
                    <steps/>
                </step>
                <step start='1682299569411' status='passed' stop='1682299569588'>
                    <name>GET /session/:sessionId/screenshot</name>
                    <title>GET /session/:sessionId/screenshot</title>
                    <attachments>
                        <attachment title='Screenshot' source='67c78e4f-455a-40ad-911a-d7019c246df7-attachment.png' type='image/png' size='141269'/>
                    </attachments>
                    <steps/>
                </step>
            </steps>
            <attachments/>
            <failure>
                <message>Error: no se mostro el texto esperado: expected null to equal 'Search - apple cinema'      
                      actual expected
                      
                      null'Search - apple cinema'
                      </message>
                <stack-trace>AssertionError: Error: no se mostro el texto esperado: expected null to equal 'Search - apple cinema'
                    at Context.&lt;anonymous> (C:\Users\Lucelys Arroyo\OneDrive\Documentos\GitHub\TestUpCamap\tests\/actividad.js:12:16)
                    at processTicksAndRejections (node:internal/process/task_queues:95:5)</stack-trace>
            </failure>
        </test-case>
    </test-cases>
</ns2:test-suite>